<?xml version="1.0" encoding="UTF-8"?>
<!-- Generated by org.testng.reporters.JUnitReportReporter -->
<testsuite skipped="0" hostname="T420-PC" name="com.crm.qa.testcases.HomePageTest" tests="3" failures="0" timestamp="01 Nov 2017 10:50:13 GMT" time="57.127" errors="0">
  <testcase name="verifyHomePageTitleTest" time="12.934" classname="com.crm.qa.testcases.HomePageTest"/>
  <testcase name="verifyUserNameTest" time="14.916" classname="com.crm.qa.testcases.HomePageTest"/>
  <testcase name="verifyContactsLinkTest" time="29.277" classname="com.crm.qa.testcases.HomePageTest"/>
</testsuite> <!-- com.crm.qa.testcases.HomePageTest -->
