<?xml version="1.0" encoding="UTF-8"?>
<!-- Generated by org.testng.reporters.JUnitReportReporter -->
<testsuite skipped="0" hostname="T420-PC" name="com.crm.qa.testcases.LoginPageTest" tests="3" failures="0" timestamp="01 Nov 2017 10:50:13 GMT" time="35.290" errors="0">
  <testcase name="loginPageTitleTest" time="8.769" classname="com.crm.qa.testcases.LoginPageTest"/>
  <testcase name="crmLogoImageTest" time="11.661" classname="com.crm.qa.testcases.LoginPageTest"/>
  <testcase name="loginTest" time="14.860" classname="com.crm.qa.testcases.LoginPageTest"/>
</testsuite> <!-- com.crm.qa.testcases.LoginPageTest -->
